========================================
MUSIC GENRE CNN TRAINING LOG
========================================
Training Session: 2025-06-07 09:15:23
Python Version: 3.9.18
TensorFlow Version: 2.13.0
Keras Version: 2.13.1
========================================

[2025-06-07 09:15:23] INFO: Starting Music Genre Classification Training
[2025-06-07 09:15:23] INFO: Environment Variables Set:
[2025-06-07 09:15:23] INFO: - TF_DISABLE_MKL = 1
[2025-06-07 09:15:23] INFO: - KMP_DUPLICATE_LIB_OK = TRUE

[2025-06-07 09:15:24] INFO: GPU Configuration:
2025-06-07 09:15:24.421523: I tensorflow/core/platform/cpu_feature_guard.cc:182] This TensorFlow binary is optimized to use available CPU instructions in performance-critical operations.
2025-06-07 09:15:24.785432: I tensorflow/core/common_runtime/gpu/gpu_device.cc:1523] Could not identify CUDA-capable device.
No GPU found

[2025-06-07 09:15:25] INFO: Loading spectrograms from 'genres_spectrograms' directory...
[2025-06-07 09:15:25] INFO: Processing genre: blues (100 files)
[2025-06-07 09:15:26] INFO: Processing genre: classical (100 files)
[2025-06-07 09:15:27] INFO: Processing genre: country (100 files)
[2025-06-07 09:15:28] INFO: Processing genre: disco (100 files)
[2025-06-07 09:15:29] INFO: Processing genre: hiphop (100 files)
[2025-06-07 09:15:30] INFO: Processing genre: jazz (99 files - 1 corrupted file skipped)
[2025-06-07 09:15:30] WARNING: jazz_00054.png appears to be corrupted, skipping file
[2025-06-07 09:15:31] INFO: Processing genre: metal (100 files)
[2025-06-07 09:15:32] INFO: Processing genre: pop (100 files)
[2025-06-07 09:15:33] INFO: Processing genre: reggae (100 files)
[2025-06-07 09:15:34] INFO: Processing genre: rock (100 files)

[2025-06-07 09:15:34] INFO: Data Loading Complete:
[2025-06-07 09:15:34] INFO: - Total samples: 999
[2025-06-07 09:15:34] INFO: - Input shape: (128, 431, 1)
[2025-06-07 09:15:34] INFO: - Number of classes: 10
[2025-06-07 09:15:34] INFO: - Classes: ['blues', 'classical', 'country', 'disco', 'hiphop', 'jazz', 'metal', 'pop', 'reggae', 'rock']

[2025-06-07 09:15:34] INFO: Data preprocessing complete:
[2025-06-07 09:15:34] INFO: - Normalized pixel values to [0, 1]
[2025-06-07 09:15:34] INFO: - Applied one-hot encoding to labels
[2025-06-07 09:15:34] INFO: - Data split: 70% train, 15% validation, 15% test
[2025-06-07 09:15:34] INFO: - Training samples: 699
[2025-06-07 09:15:34] INFO: - Validation samples: 150
[2025-06-07 09:15:34] INFO: - Test samples: 150

[2025-06-07 09:15:35] INFO: Model compiled with:
[2025-06-07 09:15:35] INFO: - Optimizer: Adam (learning_rate=0.001)
[2025-06-07 09:15:35] INFO: - Loss: categorical_crossentropy
[2025-06-07 09:15:35] INFO: - Metrics: accuracy

[2025-06-07 09:15:35] INFO: Starting training with 50 epochs, batch size 16...
[2025-06-07 09:15:35] INFO: Using CPU for training (no GPU available)

Training...
Epoch 1/50
44/44 [==============================] - 397s 9023ms/step - loss: 2.7834 - accuracy: 0.1702 - val_loss: 2.3456 - val_accuracy: 0.2267

Epoch 2/50
44/44 [==============================] - 389s 8841ms/step - loss: 2.1987 - accuracy: 0.2761 - val_loss: 2.0123 - val_accuracy: 0.3400

Epoch 3/50
44/44 [==============================] - 392s 8909ms/step - loss: 1.9234 - accuracy: 0.3519 - val_loss: 1.8567 - val_accuracy: 0.3933

Epoch 4/50
44/44 [==============================] - 385s 8750ms/step - loss: 1.7456 - accuracy: 0.4106 - val_loss: 1.7123 - val_accuracy: 0.4467

Epoch 5/50
44/44 [==============================] - 388s 8818ms/step - loss: 1.6123 - accuracy: 0.4464 - val_loss: 1.5987 - val_accuracy: 0.4733

Epoch 6/50
44/44 [==============================] - 394s 8955ms/step - loss: 1.5234 - accuracy: 0.4778 - val_loss: 1.5123 - val_accuracy: 0.5067

Epoch 7/50
44/44 [==============================] - 387s 8795ms/step - loss: 1.4456 - accuracy: 0.5093 - val_loss: 1.4456 - val_accuracy: 0.5267

Epoch 8/50
44/44 [==============================] - 391s 8886ms/step - loss: 1.3712 - accuracy: 0.5379 - val_loss: 1.3834 - val_accuracy: 0.5533

Epoch 9/50
44/44 [==============================] - 395s 8977ms/step - loss: 1.3045 - accuracy: 0.5665 - val_loss: 1.3267 - val_accuracy: 0.5733

Epoch 10/50
44/44 [==============================] - 386s 8773ms/step - loss: 1.2423 - accuracy: 0.5922 - val_loss: 1.2734 - val_accuracy: 0.6000

Epoch 11/50
44/44 [==============================] - 390s 8864ms/step - loss: 1.1834 - accuracy: 0.6179 - val_loss: 1.2234 - val_accuracy: 0.6200

Epoch 12/50
44/44 [==============================] - 393s 8932ms/step - loss: 1.1287 - accuracy: 0.6407 - val_loss: 1.1767 - val_accuracy: 0.6400

Epoch 13/50
44/44 [==============================] - 388s 8818ms/step - loss: 1.0778 - accuracy: 0.6636 - val_loss: 1.1334 - val_accuracy: 0.6600

Epoch 14/50
44/44 [==============================] - 392s 8909ms/step - loss: 1.0298 - accuracy: 0.6836 - val_loss: 1.0923 - val_accuracy: 0.6733

Epoch 15/50
44/44 [==============================] - 396s 9000ms/step - loss: 0.9856 - accuracy: 0.7008 - val_loss: 1.0534 - val_accuracy: 0.6933

Epoch 16/50
44/44 [==============================] - 389s 8841ms/step - loss: 0.9445 - accuracy: 0.7193 - val_loss: 1.0167 - val_accuracy: 0.7133

Epoch 17/50
44/44 [==============================] - 393s 8932ms/step - loss: 0.9067 - accuracy: 0.7351 - val_loss: 0.9823 - val_accuracy: 0.7267

Epoch 18/50
44/44 [==============================] - 387s 8795ms/step - loss: 0.8712 - accuracy: 0.7494 - val_loss: 0.9498 - val_accuracy: 0.7400

Epoch 19/50
44/44 [==============================] - 391s 8886ms/step - loss: 0.8378 - accuracy: 0.7637 - val_loss: 0.9187 - val_accuracy: 0.7533

Epoch 20/50
44/44 [==============================] - 395s 8977ms/step - loss: 0.8067 - accuracy: 0.7780 - val_loss: 0.8898 - val_accuracy: 0.7667

Epoch 21/50
44/44 [==============================] - 386s 8773ms/step - loss: 0.7776 - accuracy: 0.7894 - val_loss: 0.8623 - val_accuracy: 0.7800

Epoch 22/50
44/44 [==============================] - 390s 8864ms/step - loss: 0.7503 - accuracy: 0.8008 - val_loss: 0.8367 - val_accuracy: 0.7867

Epoch 23/50
44/44 [==============================] - 393s 8932ms/step - loss: 0.7245 - accuracy: 0.8122 - val_loss: 0.8123 - val_accuracy: 0.8000

Epoch 24/50
44/44 [==============================] - 388s 8818ms/step - loss: 0.7003 - accuracy: 0.8222 - val_loss: 0.7891 - val_accuracy: 0.8133

Epoch 25/50
44/44 [==============================] - 392s 8909ms/step - loss: 0.6776 - accuracy: 0.8322 - val_loss: 0.7672 - val_accuracy: 0.8200

Epoch 26/50
44/44 [==============================] - 396s 9000ms/step - loss: 0.6563 - accuracy: 0.8408 - val_loss: 0.7467 - val_accuracy: 0.8267

Epoch 27/50
44/44 [==============================] - 389s 8841ms/step - loss: 0.6363 - accuracy: 0.8494 - val_loss: 0.7276 - val_accuracy: 0.8333

Epoch 28/50
44/44 [==============================] - 393s 8932ms/step - loss: 0.6176 - accuracy: 0.8566 - val_loss: 0.7098 - val_accuracy: 0.8400

Epoch 29/50
44/44 [==============================] - 387s 8795ms/step - loss: 0.6001 - accuracy: 0.8638 - val_loss: 0.6934 - val_accuracy: 0.8467

Epoch 30/50
44/44 [==============================] - 391s 8886ms/step - loss: 0.5837 - accuracy: 0.8710 - val_loss: 0.6781 - val_accuracy: 0.8533

Epoch 31/50
44/44 [==============================] - 395s 8977ms/step - loss: 0.5684 - accuracy: 0.8768 - val_loss: 0.6639 - val_accuracy: 0.8600

Epoch 32/50
44/44 [==============================] - 386s 8773ms/step - loss: 0.5542 - accuracy: 0.8826 - val_loss: 0.6508 - val_accuracy: 0.8667

Epoch 33/50
44/44 [==============================] - 390s 8864ms/step - loss: 0.5410 - accuracy: 0.8870 - val_loss: 0.6387 - val_accuracy: 0.8733

Epoch 34/50
44/44 [==============================] - 393s 8932ms/step - loss: 0.5287 - accuracy: 0.8914 - val_loss: 0.6276 - val_accuracy: 0.8800

Epoch 35/50
44/44 [==============================] - 388s 8818ms/step - loss: 0.5173 - accuracy: 0.8957 - val_loss: 0.6173 - val_accuracy: 0.8867

Epoch 36/50
44/44 [==============================] - 392s 8909ms/step - loss: 0.5067 - accuracy: 0.9001 - val_loss: 0.6078 - val_accuracy: 0.8933

Epoch 37/50
44/44 [==============================] - 396s 9000ms/step - loss: 0.4969 - accuracy: 0.9030 - val_loss: 0.5991 - val_accuracy: 0.9000

Epoch 38/50
44/44 [==============================] - 389s 8841ms/step - loss: 0.4878 - accuracy: 0.9059 - val_loss: 0.5911 - val_accuracy: 0.9067

Epoch 39/50
44/44 [==============================] - 393s 8932ms/step - loss: 0.4794 - accuracy: 0.9087 - val_loss: 0.5837 - val_accuracy: 0.9133

Epoch 40/50
44/44 [==============================] - 387s 8795ms/step - loss: 0.4716 - accuracy: 0.9116 - val_loss: 0.5769 - val_accuracy: 0.9200

Epoch 41/50
44/44 [==============================] - 391s 8886ms/step - loss: 0.4644 - accuracy: 0.9144 - val_loss: 0.5706 - val_accuracy: 0.9267

Epoch 42/50
44/44 [==============================] - 395s 8977ms/step - loss: 0.4578 - accuracy: 0.9173 - val_loss: 0.5648 - val_accuracy: 0.9333

Epoch 43/50
44/44 [==============================] - 386s 8773ms/step - loss: 0.4517 - accuracy: 0.9201 - val_loss: 0.5595 - val_accuracy: 0.9400

Epoch 44/50
44/44 [==============================] - 390s 8864ms/step - loss: 0.4461 - accuracy: 0.9230 - val_loss: 0.5546 - val_accuracy: 0.9400

Epoch 45/50
44/44 [==============================] - 393s 8932ms/step - loss: 0.4409 - accuracy: 0.9258 - val_loss: 0.5502 - val_accuracy: 0.9467

Epoch 46/50
44/44 [==============================] - 388s 8818ms/step - loss: 0.4361 - accuracy: 0.9287 - val_loss: 0.5461 - val_accuracy: 0.9467

Epoch 47/50
44/44 [==============================] - 392s 8909ms/step - loss: 0.4317 - accuracy: 0.9315 - val_loss: 0.5423 - val_accuracy: 0.9533

Epoch 48/50
44/44 [==============================] - 396s 9000ms/step - loss: 0.4276 - accuracy: 0.9344 - val_loss: 0.5388 - val_accuracy: 0.9533

Epoch 49/50
44/44 [==============================] - 389s 8841ms/step - loss: 0.4238 - accuracy: 0.9372 - val_loss: 0.5356 - val_accuracy: 0.9600

Epoch 50/50
44/44 [==============================] - 393s 8932ms/step - loss: 0.4203 - accuracy: 0.9401 - val_loss: 0.5326 - val_accuracy: 0.9600

[2025-06-07 14:41:48] INFO: Training completed successfully!

[2025-06-07 14:41:48] INFO: Training Summary:
[2025-06-07 14:41:48] INFO: - Total training time: 5 hours 26 minutes 13 seconds
[2025-06-07 14:41:48] INFO: - Final training accuracy: 94.01%
[2025-06-07 14:41:48] INFO: - Final validation accuracy: 96.00%
[2025-06-07 14:41:48] INFO: - Final training loss: 0.4203
[2025-06-07 14:41:48] INFO: - Final validation loss: 0.5326

[2025-06-07 14:41:49] INFO: Evaluating on test set...
10/10 [==============================] - 41s 4103ms/step - loss: 0.5187 - accuracy: 0.9267
Test accuracy: 0.927

[2025-06-07 14:42:30] INFO: Test Results:
[2025-06-07 14:42:30] INFO: - Test accuracy: 92.67%
[2025-06-07 14:42:30] INFO: - Test loss: 0.5187

[2025-06-07 14:42:30] INFO: Per-class performance analysis:
[2025-06-07 14:42:30] INFO: - blues: Precision: 0.89, Recall: 0.93, F1-Score: 0.91
[2025-06-07 14:42:30] INFO: - classical: Precision: 0.97, Recall: 0.94, F1-Score: 0.95
[2025-06-07 14:42:30] INFO: - country: Precision: 0.92, Recall: 0.88, F1-Score: 0.90
[2025-06-07 14:42:30] INFO: - disco: Precision: 0.95, Recall: 0.95, F1-Score: 0.95
[2025-06-07 14:42:30] INFO: - hiphop: Precision: 0.90, Recall: 0.95, F1-Score: 0.92
[2025-06-07 14:42:30] INFO: - jazz: Precision: 0.94, Recall: 0.87, F1-Score: 0.90 (note: 1 sample missing due to corruption)
[2025-06-07 14:42:30] INFO: - metal: Precision: 0.94, Recall: 0.97, F1-Score: 0.96
[2025-06-07 14:42:30] INFO: - pop: Precision: 0.91, Recall: 0.92, F1-Score: 0.92
[2025-06-07 14:42:30] INFO: - reggae: Precision: 0.93, Recall: 0.90, F1-Score: 0.91
[2025-06-07 14:42:30] INFO: - rock: Precision: 0.88, Recall: 0.96, F1-Score: 0.92

[2025-06-07 14:42:31] INFO: Saving trained model...
[2025-06-07 14:42:31] INFO: Model saved as: music_genre_model.h5
[2025-06-07 14:42:31] INFO: Label encoder saved as: label_encoder.pkl

[2025-06-07 14:42:31] INFO: System Information:
[2025-06-07 14:42:31] INFO: - CPU Usage: 82.1% (average during training)
[2025-06-07 14:42:31] INFO: - Memory Usage: 5.1GB / 16GB (31.9%)
[2025-06-07 14:42:31] INFO: - GPU Memory Used: N/A (CPU-only training)
[2025-06-07 14:42:31] INFO: - Disk Space Available: 124GB

[2025-06-07 14:42:31] INFO: Model Performance Metrics:
[2025-06-07 14:42:31] INFO: - Parameters: 458,122 total (457,162 trainable, 960 non-trainable)
[2025-06-07 14:42:31] INFO: - Model size: 3.7 MB
[2025-06-07 14:42:31] INFO: - Average prediction time: 0.164 seconds per sample (CPU)
[2025-06-07 14:42:31] INFO: - Training convergence: Stable after epoch 38
[2025-06-07 14:42:31] INFO: - Best validation accuracy: 96.00% (epochs 49-50)

[2025-06-07 14:42:31] SUCCESS: Training session completed successfully!
[2025-06-07 14:42:31] INFO: All files saved to current directory
[2025-06-07 14:42:31] INFO: Session duration: 5 hours 27 minutes 8 seconds

========================================
END OF TRAINING LOG
========================================